<?xml version="1.0" encoding="utf-8"?><testsuites name="pytest tests"><testsuite name="pytest" errors="0" failures="1" skipped="2" tests="81" time="94.758" timestamp="2025-09-25T01:30:05.210327-03:00" hostname="note-dago"><testcase classname="" name="tests.unit.test_installation" time="0.000"><skipped message="collection skipped">('/home/dcm/Projetos/cluster-ai/tests/unit/test_installation.py', 19, 'Skipped: Não foi possível importar os módulos do projeto. Pulando testes unitários.')</skipped></testcase><testcase classname="tests.e2e.test_basic_system_flow.TestBasicSystemFlow" name="test_project_structure_integrity" time="0.123" /><testcase classname="tests.e2e.test_basic_system_flow.TestBasicSystemFlow" name="test_manager_script_execution" time="0.042" /><testcase classname="tests.e2e.test_basic_system_flow.TestBasicSystemFlow" name="test_python_environment_setup" time="1.268" /><testcase classname="tests.e2e.test_basic_system_flow.TestBasicSystemFlow" name="test_requirements_installation" time="3.493" /><testcase classname="tests.e2e.test_basic_system_flow.TestBasicSystemFlow" name="test_script_permissions" time="0.001" /><testcase classname="tests.e2e.test_basic_system_flow.TestBasicSystemFlow" name="test_log_directory_creation" time="0.002" /><testcase classname="tests.e2e.test_basic_system_flow.TestBasicSystemFlow" name="test_config_directory_structure" time="0.002" /><testcase classname="tests.e2e.test_basic_system_flow.TestBasicSystemFlow" name="test_system_dependencies_check" time="0.014" /><testcase classname="tests.e2e.test_basic_system_flow.TestBasicSystemFlow" name="test_file_system_permissions" time="0.002" /><testcase classname="tests.e2e.test_basic_system_flow.TestBasicSystemFlow" name="test_environment_variables" time="0.001" /><testcase classname="tests.e2e.test_basic_system_flow.TestSystemIntegrationFlow" name="test_docker_availability" time="0.030" /><testcase classname="tests.e2e.test_basic_system_flow.TestSystemIntegrationFlow" name="test_network_connectivity" time="0.002" /><testcase classname="tests.e2e.test_basic_system_flow.TestSystemIntegrationFlow" name="test_system_resource_monitoring" time="0.104" /><testcase classname="tests.e2e.test_basic_system_flow.TestSystemIntegrationFlow" name="test_process_management" time="0.005" /><testcase classname="tests.e2e.test_basic_system_flow.TestConfigurationFlow" name="test_config_file_parsing" time="0.004" /><testcase classname="tests.e2e.test_basic_system_flow.TestConfigurationFlow" name="test_environment_specific_config" time="0.001" /><testcase classname="tests.installation.test_rstudio_installation" name="test_r_installation" time="0.019" /><testcase classname="tests.installation.test_rstudio_installation" name="test_rstudio_installation" time="0.609" /><testcase classname="tests.installation.test_rstudio_installation" name="test_r_libraries" time="4.848" /><testcase classname="tests.installation.test_rstudio_installation" name="test_r_profile" time="0.002" /><testcase classname="tests.installation.test_rstudio_installation" name="test_example_script" time="0.002" /><testcase classname="tests.installation.test_rstudio_installation" name="test_desktop_shortcut" time="0.002" /><testcase classname="tests.installation.test_rstudio_installation" name="test_r_dask_connection" time="1.343"><skipped type="pytest.skip" message="Conexão Dask do R não testada (cluster pode não estar rodando)">/home/dcm/Projetos/cluster-ai/tests/installation/test_rstudio_installation.py:156: Conexão Dask do R não testada (cluster pode não estar rodando)</skipped></testcase><testcase classname="tests.integration.test_android_worker_integration.TestAndroidWorkerIntegration" name="test_android_worker_discovery_simulation" time="35.093" /><testcase classname="tests.integration.test_android_worker_integration.TestAndroidWorkerIntegration" name="test_android_worker_registration_flow" time="0.022" /><testcase classname="tests.integration.test_android_worker_integration.TestAndroidWorkerIntegration" name="test_android_worker_ssh_connection" time="0.004" /><testcase classname="tests.integration.test_android_worker_integration.TestAndroidWorkerIntegration" name="test_android_worker_script_execution" time="0.003" /><testcase classname="tests.integration.test_android_worker_integration.TestAndroidWorkerIntegration" name="test_android_worker_health_check" time="0.006" /><testcase classname="tests.integration.test_android_worker_integration.TestAndroidWorkerIntegration" name="test_android_worker_resource_monitoring" time="0.006" /><testcase classname="tests.integration.test_android_worker_integration.TestAndroidWorkerIntegration" name="test_full_android_worker_lifecycle" time="35.258" /><testcase classname="tests.integration.test_cluster_edge_cases.TestClusterEdgeCases" name="test_empty_cluster_operations" time="0.002" /><testcase classname="tests.integration.test_cluster_edge_cases.TestClusterEdgeCases" name="test_max_workers_scenario" time="0.003" /><testcase classname="tests.integration.test_cluster_edge_cases.TestClusterEdgeCases" name="test_network_partition_simulation" time="0.002" /><testcase classname="tests.integration.test_cluster_edge_cases.TestClusterEdgeCases" name="test_resource_exhaustion_handling" time="0.001" /><testcase classname="tests.integration.test_cluster_edge_cases.TestClusterEdgeCases" name="test_concurrent_operations" time="0.104" /><testcase classname="tests.integration.test_cluster_edge_cases.TestClusterEdgeCases" name="test_invalid_configuration_handling" time="0.002" /><testcase classname="tests.integration.test_cluster_edge_cases.TestClusterEdgeCases" name="test_service_restart_scenarios" time="0.002" /><testcase classname="tests.integration.test_cluster_edge_cases.TestClusterEdgeCases" name="test_large_file_operations" time="0.003" /><testcase classname="tests.integration.test_cluster_edge_cases.TestClusterEdgeCases" name="test_timeout_handling" time="0.107" /><testcase classname="tests.integration.test_cluster_edge_cases.TestClusterEdgeCases" name="test_error_recovery" time="0.005" /><testcase classname="tests.integration.test_cluster_edge_cases.TestClusterEdgeCases" name="test_boundary_conditions" time="0.002" /><testcase classname="tests.integration.test_cluster_edge_cases.TestClusterEdgeCases" name="test_unicode_handling" time="0.002" /><testcase classname="tests.integration.test_cluster_edge_cases.TestClusterEdgeCases" name="test_process_signal_handling" time="0.002" /><testcase classname="tests.integration.test_cluster_edge_cases.TestClusterEdgeCases" name="test_memory_cleanup" time="0.003" /><testcase classname="tests.integration.test_cluster_edge_cases.TestClusterEdgeCases" name="test_file_descriptor_leaks" time="0.002" /><testcase classname="tests.integration.test_dask_integration.TestDaskClusterIntegration" name="test_real_cluster_computation" time="2.293" /><testcase classname="tests.integration.test_dask_integration.TestDaskClusterIntegration" name="test_real_cluster_fibonacci_computation" time="0.099" /><testcase classname="tests.integration.test_dask_integration.TestDaskMonitoringIntegration" name="test_monitoring_collects_dask_metrics" time="0.226" /><testcase classname="tests.integration.test_dask_integration.TestDaskMonitoringIntegration" name="test_monitoring_dashboard_includes_dask_section" time="0.017" /><testcase classname="tests.integration.test_dask_integration.TestDaskMonitoringIntegration" name="test_monitoring_alerts_dask_specific" time="0.017" /><testcase classname="tests.integration.test_dask_integration.TestDaskMonitoringIntegration" name="test_monitoring_json_report_includes_dask" time="0.220" /><testcase classname="tests.integration.test_dask_integration.TestDaskAlertSystemIntegration" name="test_dask_high_failure_rate_alert" time="0.001" /><testcase classname="tests.integration.test_dask_integration.TestDaskAlertSystemIntegration" name="test_dask_worker_loss_alert" time="0.002" /><testcase classname="tests.integration.test_dask_integration.TestDaskAlertSystemIntegration" name="test_dask_pending_tasks_alert" time="0.003" /><testcase classname="tests.integration.test_dask_integration.TestDaskAlertSystemIntegration" name="test_dask_scheduler_performance_alert" time="0.006" /><testcase classname="tests.integration.test_dask_integration.TestDaskRecoveryIntegration" name="test_dask_worker_recovery_simulation" time="0.004" /><testcase classname="tests.integration.test_dask_integration.TestDaskRecoveryIntegration" name="test_dask_task_failure_recovery" time="0.003" /><testcase classname="tests.integration.test_dask_integration.TestDaskRecoveryIntegration" name="test_dask_memory_cleanup_recovery" time="0.001" /><testcase classname="tests.integration.test_dask_integration.TestDaskPerformanceMetricsIntegration" name="test_dask_throughput_calculation" time="0.002" /><testcase classname="tests.integration.test_dask_integration.TestDaskPerformanceMetricsIntegration" name="test_dask_latency_tracking" time="0.002" /><testcase classname="tests.integration.test_dask_integration.TestDaskPerformanceMetricsIntegration" name="test_dask_resource_utilization_tracking" time="0.034" /><testcase classname="tests.integration.test_deployment_features.TestAutoDiscoverWorkers" name="test_auto_discover_workers_script_exists" time="0.002" /><testcase classname="tests.integration.test_deployment_features.TestAutoDiscoverWorkers" name="test_auto_discover_workers_basic_execution" time="0.328" /><testcase classname="tests.integration.test_deployment_features.TestAutoDiscoverWorkers" name="test_auto_discover_workers_with_mock_kubectl" time="0.003" /><testcase classname="tests.integration.test_deployment_features.TestWebUIInstaller" name="test_webui_installer_script_exists" time="0.002" /><testcase classname="tests.integration.test_deployment_features.TestWebUIInstaller" name="test_webui_installer_content_validation" time="0.002" /><testcase classname="tests.integration.test_deployment_features.TestWebUIInstaller" name="test_webui_installer_dry_run" time="0.003" /><testcase classname="tests.integration.test_deployment_features.TestWebUIInstaller" name="test_webui_installer_creates_alert_script" time="0.002" /><testcase classname="tests.integration.test_deployment_features.TestDeploymentIntegration" name="test_deployment_scripts_compatibility" time="0.002" /><testcase classname="tests.integration.test_deployment_features.TestDeploymentIntegration" name="test_deployment_directory_structure" time="0.003" /><testcase classname="tests.integration.test_deployment_features.TestDeploymentIntegration" name="test_deployment_script_basic_validation[auto_discover_workers.sh]" time="0.003" /><testcase classname="tests.integration.test_deployment_features.TestDeploymentIntegration" name="test_deployment_script_basic_validation[webui-installer.sh]" time="0.002" /><testcase classname="tests.integration.test_deployment_features.TestDeploymentIntegration" name="test_deployment_script_basic_validation[auto_discover_workers.py]" time="0.002" /><testcase classname="tests.integration.test_deployment_features.TestDeploymentErrorHandling" name="test_auto_discover_workers_kubectl_not_found" time="0.003" /><testcase classname="tests.integration.test_deployment_features.TestDeploymentErrorHandling" name="test_webui_installer_dependency_check" time="0.001" /><testcase classname="tests.integration.test_deployment_features.TestDeploymentPerformance" name="test_auto_discover_workers_execution_time" time="0.283" /><testcase classname="tests.integration.test_deployment_features.TestDeploymentPerformance" name="test_webui_installer_script_size" time="0.001" /><testcase classname="tests.integration.test_manager_integration.TestManagerIntegration" name="test_manager_script_exists" time="0.002" /><testcase classname="tests.integration.test_manager_integration.TestManagerIntegration" name="test_manager_help_output" time="0.033" /><testcase classname="tests.integration.test_manager_integration.TestManagerIntegration" name="test_manager_basic_execution" time="0.035"><failure message="Failed: Manager script failed unexpectedly: #x1B[0;31m[✘]#x1B[0m Script do menu interativo não encontrado em '/home/dcm/Projetos/cluster-ai/scripts/lib/scripts/ui/interactive_menu.sh'.">tests/integration/test_manager_integration.py:82: in test_manager_basic_execution
    pytest.fail(f"Manager script failed unexpectedly: {output_combined}")
E   Failed: Manager script failed unexpectedly: #x1B[0;31m[✘]#x1B[0m Script do menu interativo não encontrado em '/home/dcm/Projetos/cluster-ai/scripts/lib/scripts/ui/interactive_menu.sh'.</failure></testcase></testsuite></testsuites>